c:\users\19164\desktop\csdiy\csdiy\debug\vc141.pdb
c:\users\19164\desktop\csdiy\csdiy\debug\vc141.idb
c:\users\19164\desktop\csdiy\csdiy\debug\csdiy.obj
c:\users\19164\desktop\csdiy\csdiy\debug\cmywin.obj
c:\users\19164\desktop\csdiy\csdiy\debug\cgame.obj
c:\users\19164\desktop\csdiy\csdiy\debug\csdiy.pch
c:\users\19164\desktop\csdiy\csdiy\debug\stdafx.obj
c:\users\19164\desktop\csdiy\csdiy\debug\seckill.obj
c:\users\19164\desktop\csdiy\csdiy\debug\cgamehook.obj
c:\users\19164\desktop\csdiy\debug\csdiy.lib
c:\users\19164\desktop\csdiy\debug\csdiy.exp
c:\users\19164\desktop\csdiy\debug\csdiy.dll
c:\users\19164\desktop\csdiy\debug\csdiy.ilk
c:\users\19164\desktop\csdiy\debug\csdiy.pdb
c:\users\19164\desktop\csdiy\csdiy\debug\csdiy.res
c:\users\19164\desktop\csdiy\csdiy\debug\csdiy.tlog\cl.command.1.tlog
c:\users\19164\desktop\csdiy\csdiy\debug\csdiy.tlog\cl.read.1.tlog
c:\users\19164\desktop\csdiy\csdiy\debug\csdiy.tlog\cl.write.1.tlog
c:\users\19164\desktop\csdiy\csdiy\debug\csdiy.tlog\csdiy.write.1u.tlog
c:\users\19164\desktop\csdiy\csdiy\debug\csdiy.tlog\link.command.1.tlog
c:\users\19164\desktop\csdiy\csdiy\debug\csdiy.tlog\link.read.1.tlog
c:\users\19164\desktop\csdiy\csdiy\debug\csdiy.tlog\link.write.1.tlog
c:\users\19164\desktop\csdiy\csdiy\debug\csdiy.tlog\rc.command.1.tlog
c:\users\19164\desktop\csdiy\csdiy\debug\csdiy.tlog\rc.read.1.tlog
c:\users\19164\desktop\csdiy\csdiy\debug\csdiy.tlog\rc.write.1.tlog
